<?xml version="1.0" encoding="UTF-8"?>
<!-- Generated by org.testng.reporters.JUnitXMLReporter -->
<testsuite hostname="DESKTOP-AC5DKGQ" name="Command line test" tests="3" failures="0" timestamp="17 Apr 2020 19:33:20 GMT" time="6.005" errors="0">
  <testcase name="gettingNewDeck" time="3.135" classname="ApiTesting.TestingApis"/>
  <testcase name="addingJockers" time="1.485" classname="ApiTesting.TestingApis"/>
  <testcase name="DrawingCard" time="1.374" classname="ApiTesting.TestingApis"/>
</testsuite> <!-- Command line test -->
